This is pdfTeX, Version 3.141592653-2.6-1.40.26 (MiKTeX 24.4) (preloaded format=pdflatex 2024.11.9)  9 NOV 2024 19:31
entering extended mode
 \write18 enabled.
 file:line:error style messages enabled.
 %&-line parsing enabled.
**"c:/Users/rannu/OneDrive - NTNU/Desktop/vsJULIA/Specialization project/TMA4500-Project-Hovland-Symplectic-Stiefel/Project text/main.tex"
(c:/Users/rannu/OneDrive - NTNU/Desktop/vsJULIA/Specialization project/TMA4500-Project-Hovland-Symplectic-Stiefel/Project text/main.tex
LaTeX2e <2024-11-01>
L3 programming layer <2024-10-09>
(C:\Users\rannu\AppData\Local\Programs\MiKTeX\tex/latex/base\article.cls
Document Class: article 2024/06/29 v1.4n Standard LaTeX document class
(C:\Users\rannu\AppData\Local\Programs\MiKTeX\tex/latex/base\size10.clo
File: size10.clo 2024/06/29 v1.4n Standard LaTeX file (size option)
)
\c@part=\count196
\c@section=\count197
\c@subsection=\count198
\c@subsubsection=\count199
\c@paragraph=\count266
\c@subparagraph=\count267
\c@figure=\count268
\c@table=\count269
\abovecaptionskip=\skip49
\belowcaptionskip=\skip50
\bibindent=\dimen141
) (packages.sty
Package: packages 2021/04/20 Packages
 (C:\Users\rannu\AppData\Local\Programs\MiKTeX\tex/latex/base\inputenc.sty
Package: inputenc 2024/02/08 v1.3d Input encoding file
\inpenc@prehook=\toks17
\inpenc@posthook=\toks18
) (C:\Users\rannu\AppData\Local\Programs\MiKTeX\tex/latex/appendix\appendix.sty
Package: appendix 2020/02/08 v1.2c extra appendix facilities
\c@@pps=\count270
\c@@ppsavesec=\count271
\c@@ppsaveapp=\count272
) (C:\Users\rannu\AppData\Local\Programs\MiKTeX\tex/latex/biblatex\biblatex.sty
Package: biblatex 2024/03/21 v3.20 programmable bibliographies (PK/MW)
 (C:\Users\rannu\AppData\Local\Programs\MiKTeX\tex/generic/pdftexcmds\pdftexcmds.sty
Package: pdftexcmds 2020-06-27 v0.33 Utility functions of pdfTeX for LuaTeX (HO)
 (C:\Users\rannu\AppData\Local\Programs\MiKTeX\tex/generic/infwarerr\infwarerr.sty
Package: infwarerr 2019/12/03 v1.5 Providing info/warning/error messages (HO)
) (C:\Users\rannu\AppData\Local\Programs\MiKTeX\tex/generic/iftex\iftex.sty
Package: iftex 2022/02/03 v1.0f TeX engine tests
) (C:\Users\rannu\AppData\Local\Programs\MiKTeX\tex/generic/ltxcmds\ltxcmds.sty
Package: ltxcmds 2023-12-04 v1.26 LaTeX kernel commands for general use (HO)
)
Package pdftexcmds Info: \pdf@primitive is available.
Package pdftexcmds Info: \pdf@ifprimitive is available.
Package pdftexcmds Info: \pdfdraftmode found.
) (C:\Users\rannu\AppData\Local\Programs\MiKTeX\tex/latex/etoolbox\etoolbox.sty
Package: etoolbox 2020/10/05 v2.5k e-TeX tools for LaTeX (JAW)
\etb@tempcnta=\count273
) (C:\Users\rannu\AppData\Local\Programs\MiKTeX\tex/latex/graphics\keyval.sty
Package: keyval 2022/05/29 v1.15 key=value parser (DPC)
\KV@toks@=\toks19
) (C:\Users\rannu\AppData\Local\Programs\MiKTeX\tex/latex/kvoptions\kvoptions.sty
Package: kvoptions 2022-06-15 v3.15 Key value format for package options (HO)
 (C:\Users\rannu\AppData\Local\Programs\MiKTeX\tex/latex/kvsetkeys\kvsetkeys.sty
Package: kvsetkeys 2022-10-05 v1.19 Key value parser (HO)
)) (C:\Users\rannu\AppData\Local\Programs\MiKTeX\tex/latex/logreq\logreq.sty
Package: logreq 2010/08/04 v1.0 xml request logger
\lrq@indent=\count274
 (C:\Users\rannu\AppData\Local\Programs\MiKTeX\tex/latex/logreq\logreq.def
File: logreq.def 2010/08/04 v1.0 logreq spec v1.0
)) (C:\Users\rannu\AppData\Local\Programs\MiKTeX\tex/latex/base\ifthen.sty
Package: ifthen 2024/03/16 v1.1e Standard LaTeX ifthen package (DPC)
) (C:\Users\rannu\AppData\Local\Programs\MiKTeX\tex/latex/url\url.sty
\Urlmuskip=\muskip17
Package: url 2013/09/16  ver 3.4  Verb mode for urls, etc.
)
\c@tabx@nest=\count275
\c@listtotal=\count276
\c@listcount=\count277
\c@liststart=\count278
\c@liststop=\count279
\c@citecount=\count280
\c@citetotal=\count281
\c@multicitecount=\count282
\c@multicitetotal=\count283
\c@instcount=\count284
\c@maxnames=\count285
\c@minnames=\count286
\c@maxitems=\count287
\c@minitems=\count288
\c@citecounter=\count289
\c@maxcitecounter=\count290
\c@savedcitecounter=\count291
\c@uniquelist=\count292
\c@uniquename=\count293
\c@refsection=\count294
\c@refsegment=\count295
\c@maxextratitle=\count296
\c@maxextratitleyear=\count297
\c@maxextraname=\count298
\c@maxextradate=\count299
\c@maxextraalpha=\count300
\c@abbrvpenalty=\count301
\c@highnamepenalty=\count302
\c@lownamepenalty=\count303
\c@maxparens=\count304
\c@parenlevel=\count305
\blx@tempcnta=\count306
\blx@tempcntb=\count307
\blx@tempcntc=\count308
\c@blx@maxsection=\count309
\blx@maxsegment@0=\count310
\blx@notetype=\count311
\blx@parenlevel@text=\count312
\blx@parenlevel@foot=\count313
\blx@sectionciteorder@0=\count314
\blx@sectionciteorderinternal@0=\count315
\blx@entrysetcounter=\count316
\blx@biblioinstance=\count317
\labelnumberwidth=\skip51
\labelalphawidth=\skip52
\biblabelsep=\skip53
\bibitemsep=\skip54
\bibnamesep=\skip55
\bibinitsep=\skip56
\bibparsep=\skip57
\bibhang=\skip58
\blx@bcfin=\read2
\blx@bcfout=\write3
\blx@langwohyphens=\language79
\c@mincomprange=\count318
\c@maxcomprange=\count319
\c@mincompwidth=\count320
Package biblatex Info: Trying to load biblatex default data model...
Package biblatex Info: ... file 'blx-dm.def' found.
 (C:\Users\rannu\AppData\Local\Programs\MiKTeX\tex/latex/biblatex\blx-dm.def
File: blx-dm.def 2024/03/21 v3.20 biblatex datamodel (PK/MW)
)
Package biblatex Info: Trying to load biblatex style data model...
Package biblatex Info: ... file 'authoryear-comp.dbx' not found.
Package biblatex Info: Trying to load biblatex custom data model...
Package biblatex Info: ... file 'biblatex-dm.cfg' not found.
\c@afterword=\count321
\c@savedafterword=\count322
\c@annotator=\count323
\c@savedannotator=\count324
\c@author=\count325
\c@savedauthor=\count326
\c@bookauthor=\count327
\c@savedbookauthor=\count328
\c@commentator=\count329
\c@savedcommentator=\count330
\c@editor=\count331
\c@savededitor=\count332
\c@editora=\count333
\c@savededitora=\count334
\c@editorb=\count335
\c@savededitorb=\count336
\c@editorc=\count337
\c@savededitorc=\count338
\c@foreword=\count339
\c@savedforeword=\count340
\c@holder=\count341
\c@savedholder=\count342
\c@introduction=\count343
\c@savedintroduction=\count344
\c@namea=\count345
\c@savednamea=\count346
\c@nameb=\count347
\c@savednameb=\count348
\c@namec=\count349
\c@savednamec=\count350
\c@translator=\count351
\c@savedtranslator=\count352
\c@shortauthor=\count353
\c@savedshortauthor=\count354
\c@shorteditor=\count355
\c@savedshorteditor=\count356
\c@labelname=\count357
\c@savedlabelname=\count358
\c@institution=\count359
\c@savedinstitution=\count360
\c@lista=\count361
\c@savedlista=\count362
\c@listb=\count363
\c@savedlistb=\count364
\c@listc=\count365
\c@savedlistc=\count366
\c@listd=\count367
\c@savedlistd=\count368
\c@liste=\count369
\c@savedliste=\count370
\c@listf=\count371
\c@savedlistf=\count372
\c@location=\count373
\c@savedlocation=\count374
\c@organization=\count375
\c@savedorganization=\count376
\c@origlocation=\count377
\c@savedoriglocation=\count378
\c@origpublisher=\count379
\c@savedorigpublisher=\count380
\c@publisher=\count381
\c@savedpublisher=\count382
\c@language=\count383
\c@savedlanguage=\count384
\c@origlanguage=\count385
\c@savedoriglanguage=\count386
\c@pageref=\count387
\c@savedpageref=\count388
\shorthandwidth=\skip59
\shortjournalwidth=\skip60
\shortserieswidth=\skip61
\shorttitlewidth=\skip62
\shortauthorwidth=\skip63
\shorteditorwidth=\skip64
\locallabelnumberwidth=\skip65
\locallabelalphawidth=\skip66
\localshorthandwidth=\skip67
\localshortjournalwidth=\skip68
\localshortserieswidth=\skip69
\localshorttitlewidth=\skip70
\localshortauthorwidth=\skip71
\localshorteditorwidth=\skip72
Package biblatex Info: Trying to load compatibility code...
Package biblatex Info: ... file 'blx-compat.def' found.
 (C:\Users\rannu\AppData\Local\Programs\MiKTeX\tex/latex/biblatex\blx-compat.def
File: blx-compat.def 2024/03/21 v3.20 biblatex compatibility (PK/MW)
)
Package biblatex Info: Trying to load generic definitions...
Package biblatex Info: ... file 'biblatex.def' found.
 (C:\Users\rannu\AppData\Local\Programs\MiKTeX\tex/latex/biblatex\biblatex.def
File: biblatex.def 2024/03/21 v3.20 biblatex compatibility (PK/MW)
\c@textcitecount=\count389
\c@textcitetotal=\count390
\c@textcitemaxnames=\count391
\c@biburlbigbreakpenalty=\count392
\c@biburlbreakpenalty=\count393
\c@biburlnumpenalty=\count394
\c@biburlucpenalty=\count395
\c@biburllcpenalty=\count396
\biburlbigskip=\muskip18
\biburlnumskip=\muskip19
\biburlucskip=\muskip20
\biburllcskip=\muskip21
\c@smartand=\count397
)
Package biblatex Info: Trying to load bibliography style 'authoryear-comp'...
Package biblatex Info: ... file 'authoryear-comp.bbx' found.
 (C:\Users\rannu\AppData\Local\Programs\MiKTeX\tex/latex/biblatex/bbx\authoryear-comp.bbx
File: authoryear-comp.bbx 2024/03/21 v3.20 biblatex bibliography style (PK/MW)
Package biblatex Info: Trying to load bibliography style 'authoryear'...
Package biblatex Info: ... file 'authoryear.bbx' found.
 (C:\Users\rannu\AppData\Local\Programs\MiKTeX\tex/latex/biblatex/bbx\authoryear.bbx
File: authoryear.bbx 2024/03/21 v3.20 biblatex bibliography style (PK/MW)
Package biblatex Info: Trying to load bibliography style 'standard'...
Package biblatex Info: ... file 'standard.bbx' found.
 (C:\Users\rannu\AppData\Local\Programs\MiKTeX\tex/latex/biblatex/bbx\standard.bbx
File: standard.bbx 2024/03/21 v3.20 biblatex bibliography style (PK/MW)
\c@bbx:relatedcount=\count398
\c@bbx:relatedtotal=\count399
)))
Package biblatex Info: Trying to load citation style 'authoryear-comp'...
Package biblatex Info: ... file 'authoryear-comp.cbx' found.
 (C:\Users\rannu\AppData\Local\Programs\MiKTeX\tex/latex/biblatex/cbx\authoryear-comp.cbx
File: authoryear-comp.cbx 2024/03/21 v3.20 biblatex citation style (PK/MW)
Package biblatex Info: Redefining '\cite'.
Package biblatex Info: Redefining '\parencite'.
Package biblatex Info: Redefining '\footcite'.
Package biblatex Info: Redefining '\footcitetext'.
Package biblatex Info: Redefining '\smartcite'.
Package biblatex Info: Redefining '\textcite'.
Package biblatex Info: Redefining '\textcites'.
Package biblatex Info: Redefining '\cites'.
Package biblatex Info: Redefining '\parencites'.
Package biblatex Info: Redefining '\footcites'.
Package biblatex Info: Redefining '\footcitetexts'.
Package biblatex Info: Redefining '\smartcites'.
)
Package biblatex Info: Trying to load configuration file...
Package biblatex Info: ... file 'biblatex.cfg' found.
 (C:\Users\rannu\AppData\Local\Programs\MiKTeX\tex/latex/biblatex\biblatex.cfg
File: biblatex.cfg 
)
Package biblatex Info: Input encoding 'utf8' detected.
Package biblatex Info: Document encoding is UTF8 ....
 (C:\Users\rannu\AppData\Local\Programs\MiKTeX\tex/latex/l3kernel\expl3.sty
Package: expl3 2024-10-09 L3 programming layer (loader) 
 (C:\Users\rannu\AppData\Local\Programs\MiKTeX\tex/latex/l3backend\l3backend-pdftex.def
File: l3backend-pdftex.def 2024-05-08 L3 backend support: PDF output (pdfTeX)
\l__color_backend_stack_int=\count400
\l__pdf_internal_box=\box52
))
Package biblatex Info: ... and expl3
(biblatex)             2024-10-09 L3 programming layer (loader) 
(biblatex)             is new enough (at least 2020/04/06),
(biblatex)             setting 'casechanger=expl3'.
 (C:\Users\rannu\AppData\Local\Programs\MiKTeX\tex/latex/biblatex\blx-case-expl3.sty (C:\Users\rannu\AppData\Local\Programs\MiKTeX\tex/latex/l3packages/xparse\xparse.sty
Package: xparse 2024-08-16 L3 Experimental document command parser
)
Package: blx-case-expl3 2024/03/21 v3.20 expl3 case changing code for biblatex
)) (C:\Users\rannu\AppData\Local\Programs\MiKTeX\tex/latex/caption\caption.sty
Package: caption 2023/08/05 v3.6o Customizing captions (AR)
 (C:\Users\rannu\AppData\Local\Programs\MiKTeX\tex/latex/caption\caption3.sty
Package: caption3 2023/07/31 v2.4d caption3 kernel (AR)
\caption@tempdima=\dimen142
\captionmargin=\dimen143
\caption@leftmargin=\dimen144
\caption@rightmargin=\dimen145
\caption@width=\dimen146
\caption@indent=\dimen147
\caption@parindent=\dimen148
\caption@hangindent=\dimen149
Package caption Info: Standard document class detected.
)
\c@caption@flags=\count401
\c@continuedfloat=\count402
) (C:\Users\rannu\AppData\Local\Programs\MiKTeX\tex/latex/caption\subcaption.sty
Package: subcaption 2023/07/28 v1.6b Sub-captions (AR)
Package caption Info: New subtype `subfigure' on input line 238.
\c@subfigure=\count403
Package caption Info: New subtype `subtable' on input line 238.
\c@subtable=\count404
) (C:\Users\rannu\AppData\Local\Programs\MiKTeX\tex/latex/tocbibind\tocbibind.sty
Package: tocbibind 2010/10/13 v1.5k extra ToC listings
Package tocbibind Info: The document has section divisions on input line 50.


Package tocbibind Note: Using section or other style headings.

) (C:\Users\rannu\AppData\Local\Programs\MiKTeX\tex/latex/minted\minted2.sty
Package: minted2 2024/05/09 v2.9 Yet another Pygments shim for LaTeX
 (C:\Users\rannu\AppData\Local\Programs\MiKTeX\tex/latex/fvextra\fvextra.sty
Package: fvextra 2024/10/16 v1.9.0 fvextra - extensions and patches for fancyvrb
 (C:\Users\rannu\AppData\Local\Programs\MiKTeX\tex/latex/fancyvrb\fancyvrb.sty
Package: fancyvrb 2024/01/20 4.5c verbatim text (tvz,hv)
\FV@CodeLineNo=\count405
\FV@InFile=\read3
\FV@TabBox=\box53
\c@FancyVerbLine=\count406
\FV@StepNumber=\count407
\FV@OutFile=\write4
) (C:\Users\rannu\AppData\Local\Programs\MiKTeX\tex/latex/upquote\upquote.sty
Package: upquote 2012/04/19 v1.3 upright-quote and grave-accent glyphs in verbatim
) (C:\Users\rannu\AppData\Local\Programs\MiKTeX\tex/latex/lineno\lineno.sty
Package: lineno 2023/05/20 line numbers on paragraphs v5.3
\linenopenalty=\count408
\output=\toks20
\linenoprevgraf=\count409
\linenumbersep=\dimen150
\linenumberwidth=\dimen151
\c@linenumber=\count410
\c@pagewiselinenumber=\count411
\c@LN@truepage=\count412
\c@internallinenumber=\count413
\c@internallinenumbers=\count414
\quotelinenumbersep=\dimen152
\bframerule=\dimen153
\bframesep=\dimen154
\bframebox=\box54
LaTeX Info: Redefining \\ on input line 3180.
)
\c@FancyVerbWriteLine=\count415
\c@FancyVerbBufferIndex=\count416
\c@FancyVerbBufferLine=\count417
\c@FV@TrueTabGroupLevel=\count418
\c@FV@TrueTabCounter=\count419
\FV@TabBox@Group=\box55
\FV@TmpLength=\skip73
\c@FV@HighlightLinesStart=\count420
\c@FV@HighlightLinesStop=\count421
\FV@LoopCount=\count422
\FV@NCharsBox=\box56
\FV@BreakIndent=\dimen155
\FV@BreakIndentNChars=\count423
\FV@BreakSymbolSepLeft=\dimen156
\FV@BreakSymbolSepLeftNChars=\count424
\FV@BreakSymbolSepRight=\dimen157
\FV@BreakSymbolSepRightNChars=\count425
\FV@BreakSymbolIndentLeft=\dimen158
\FV@BreakSymbolIndentLeftNChars=\count426
\FV@BreakSymbolIndentRight=\dimen159
\FV@BreakSymbolIndentRightNChars=\count427
\c@FancyVerbLineBreakLast=\count428
\FV@LineBox=\box57
\FV@LineIndentBox=\box58
\c@FV@BreakBufferDepth=\count429
\FV@LineWidth=\dimen160
) (C:\Users\rannu\AppData\Local\Programs\MiKTeX\tex/latex/tools\shellesc.sty
Package: shellesc 2023/07/08 v1.0d unified shell escape interface for LaTeX
Package shellesc Info: Unrestricted shell escape enabled on input line 75.
) (C:\Users\rannu\AppData\Local\Programs\MiKTeX\tex/latex/ifplatform\ifplatform.sty
Package: ifplatform 2017/10/13 v0.4a Testing for the operating system
 (C:\Users\rannu\AppData\Local\Programs\MiKTeX\tex/generic/catchfile\catchfile.sty
Package: catchfile 2019/12/09 v1.8 Catch the contents of a file (HO)
 (C:\Users\rannu\AppData\Local\Programs\MiKTeX\tex/generic/etexcmds\etexcmds.sty
Package: etexcmds 2019/12/15 v1.7 Avoid name clashes with e-TeX commands (HO)
)) (C:\Users\rannu\AppData\Local\Programs\MiKTeX\tex/generic/iftex\ifluatex.sty
Package: ifluatex 2019/10/25 v1.5 ifluatex legacy package. Use iftex instead.
)) (C:\Users\rannu\AppData\Local\Programs\MiKTeX\tex/latex/xstring\xstring.sty (C:\Users\rannu\AppData\Local\Programs\MiKTeX\tex/generic/xstring\xstring.tex
\xs_counta=\count430
\xs_countb=\count431
)
Package: xstring 2023/08/22 v1.86 String manipulations (CT)
) (C:\Users\rannu\AppData\Local\Programs\MiKTeX\tex/latex/framed\framed.sty
Package: framed 2011/10/22 v 0.96: framed or shaded text with page breaks
\OuterFrameSep=\skip74
\fb@frw=\dimen161
\fb@frh=\dimen162
\FrameRule=\dimen163
\FrameSep=\dimen164
) (C:\Users\rannu\AppData\Local\Programs\MiKTeX\tex/latex/float\float.sty
Package: float 2001/11/08 v1.3d Float enhancements (AL)
\c@float@type=\count432
\float@exts=\toks21
\float@box=\box59
\@float@everytoks=\toks22
\@floatcapt=\box60
)
\minted@appexistsfile=\read4
\minted@bgbox=\box61
\minted@code=\write5
\c@minted@FancyVerbLineTemp=\count433
\c@minted@pygmentizecounter=\count434
\@float@every@listing=\toks23
\c@listing=\count435
)
runsystem(if not exist _minted-main mkdir _minted-main)...executed.

 (C:\Users\rannu\AppData\Local\Programs\MiKTeX\tex/latex/xcolor\xcolor.sty
Package: xcolor 2024/09/29 v3.02 LaTeX color extensions (UK)
 (C:\Users\rannu\AppData\Local\Programs\MiKTeX\tex/latex/graphics-cfg\color.cfg
File: color.cfg 2016/01/02 v1.6 sample color configuration
)
Package xcolor Info: Driver file: pdftex.def on input line 274.
 (C:\Users\rannu\AppData\Local\Programs\MiKTeX\tex/latex/graphics-def\pdftex.def
File: pdftex.def 2024/04/13 v1.2c Graphics/color driver for pdftex
) (C:\Users\rannu\AppData\Local\Programs\MiKTeX\tex/latex/graphics\mathcolor.ltx)
Package xcolor Info: Model `cmy' substituted by `cmy0' on input line 1349.
Package xcolor Info: Model `hsb' substituted by `rgb' on input line 1353.
Package xcolor Info: Model `RGB' extended on input line 1365.
Package xcolor Info: Model `HTML' substituted by `rgb' on input line 1367.
Package xcolor Info: Model `Hsb' substituted by `hsb' on input line 1368.
Package xcolor Info: Model `tHsb' substituted by `hsb' on input line 1369.
Package xcolor Info: Model `HSB' substituted by `hsb' on input line 1370.
Package xcolor Info: Model `Gray' substituted by `gray' on input line 1371.
Package xcolor Info: Model `wave' substituted by `hsb' on input line 1372.
) (C:\Users\rannu\AppData\Local\Programs\MiKTeX\tex/latex/graphics\dvipsnam.def
File: dvipsnam.def 2016/06/17 v3.0m Driver-dependent file (DPC,SPQR)
) (C:\Users\rannu\AppData\Local\Programs\MiKTeX\tex/latex/pgf/frontendlayer\tikz.sty (C:\Users\rannu\AppData\Local\Programs\MiKTeX\tex/latex/pgf/basiclayer\pgf.sty (C:\Users\rannu\AppData\Local\Programs\MiKTeX\tex/latex/pgf/utilities\pgfrcs.sty (C:\Users\rannu\AppData\Local\Programs\MiKTeX\tex/generic/pgf/utilities\pgfutil-common.tex
\pgfutil@everybye=\toks24
\pgfutil@tempdima=\dimen165
\pgfutil@tempdimb=\dimen166
) (C:\Users\rannu\AppData\Local\Programs\MiKTeX\tex/generic/pgf/utilities\pgfutil-latex.def
\pgfutil@abb=\box62
) (C:\Users\rannu\AppData\Local\Programs\MiKTeX\tex/generic/pgf/utilities\pgfrcs.code.tex (C:\Users\rannu\AppData\Local\Programs\MiKTeX\tex/generic/pgf\pgf.revision.tex)
Package: pgfrcs 2023-01-15 v3.1.10 (3.1.10)
))
Package: pgf 2023-01-15 v3.1.10 (3.1.10)
 (C:\Users\rannu\AppData\Local\Programs\MiKTeX\tex/latex/pgf/basiclayer\pgfcore.sty (C:\Users\rannu\AppData\Local\Programs\MiKTeX\tex/latex/graphics\graphicx.sty
Package: graphicx 2021/09/16 v1.2d Enhanced LaTeX Graphics (DPC,SPQR)
 (C:\Users\rannu\AppData\Local\Programs\MiKTeX\tex/latex/graphics\graphics.sty
Package: graphics 2024/08/06 v1.4g Standard LaTeX Graphics (DPC,SPQR)
 (C:\Users\rannu\AppData\Local\Programs\MiKTeX\tex/latex/graphics\trig.sty
Package: trig 2023/12/02 v1.11 sin cos tan (DPC)
) (C:\Users\rannu\AppData\Local\Programs\MiKTeX\tex/latex/graphics-cfg\graphics.cfg
File: graphics.cfg 2016/06/04 v1.11 sample graphics configuration
)
Package graphics Info: Driver file: pdftex.def on input line 106.
)
\Gin@req@height=\dimen167
\Gin@req@width=\dimen168
) (C:\Users\rannu\AppData\Local\Programs\MiKTeX\tex/latex/pgf/systemlayer\pgfsys.sty (C:\Users\rannu\AppData\Local\Programs\MiKTeX\tex/generic/pgf/systemlayer\pgfsys.code.tex
Package: pgfsys 2023-01-15 v3.1.10 (3.1.10)
 (C:\Users\rannu\AppData\Local\Programs\MiKTeX\tex/generic/pgf/utilities\pgfkeys.code.tex
\pgfkeys@pathtoks=\toks25
\pgfkeys@temptoks=\toks26
 (C:\Users\rannu\AppData\Local\Programs\MiKTeX\tex/generic/pgf/utilities\pgfkeyslibraryfiltered.code.tex
\pgfkeys@tmptoks=\toks27
))
\pgf@x=\dimen169
\pgf@y=\dimen170
\pgf@xa=\dimen171
\pgf@ya=\dimen172
\pgf@xb=\dimen173
\pgf@yb=\dimen174
\pgf@xc=\dimen175
\pgf@yc=\dimen176
\pgf@xd=\dimen177
\pgf@yd=\dimen178
\w@pgf@writea=\write6
\r@pgf@reada=\read5
\c@pgf@counta=\count436
\c@pgf@countb=\count437
\c@pgf@countc=\count438
\c@pgf@countd=\count439
\t@pgf@toka=\toks28
\t@pgf@tokb=\toks29
\t@pgf@tokc=\toks30
\pgf@sys@id@count=\count440
 (C:\Users\rannu\AppData\Local\Programs\MiKTeX\tex/generic/pgf/systemlayer\pgf.cfg
File: pgf.cfg 2023-01-15 v3.1.10 (3.1.10)
)
Driver file for pgf: pgfsys-pdftex.def
 (C:\Users\rannu\AppData\Local\Programs\MiKTeX\tex/generic/pgf/systemlayer\pgfsys-pdftex.def
File: pgfsys-pdftex.def 2023-01-15 v3.1.10 (3.1.10)
 (C:\Users\rannu\AppData\Local\Programs\MiKTeX\tex/generic/pgf/systemlayer\pgfsys-common-pdf.def
File: pgfsys-common-pdf.def 2023-01-15 v3.1.10 (3.1.10)
))) (C:\Users\rannu\AppData\Local\Programs\MiKTeX\tex/generic/pgf/systemlayer\pgfsyssoftpath.code.tex
File: pgfsyssoftpath.code.tex 2023-01-15 v3.1.10 (3.1.10)
\pgfsyssoftpath@smallbuffer@items=\count441
\pgfsyssoftpath@bigbuffer@items=\count442
) (C:\Users\rannu\AppData\Local\Programs\MiKTeX\tex/generic/pgf/systemlayer\pgfsysprotocol.code.tex
File: pgfsysprotocol.code.tex 2023-01-15 v3.1.10 (3.1.10)
)) (C:\Users\rannu\AppData\Local\Programs\MiKTeX\tex/generic/pgf/basiclayer\pgfcore.code.tex
Package: pgfcore 2023-01-15 v3.1.10 (3.1.10)
 (C:\Users\rannu\AppData\Local\Programs\MiKTeX\tex/generic/pgf/math\pgfmath.code.tex (C:\Users\rannu\AppData\Local\Programs\MiKTeX\tex/generic/pgf/math\pgfmathutil.code.tex) (C:\Users\rannu\AppData\Local\Programs\MiKTeX\tex/generic/pgf/math\pgfmathparser.code.tex
\pgfmath@dimen=\dimen179
\pgfmath@count=\count443
\pgfmath@box=\box63
\pgfmath@toks=\toks31
\pgfmath@stack@operand=\toks32
\pgfmath@stack@operation=\toks33
) (C:\Users\rannu\AppData\Local\Programs\MiKTeX\tex/generic/pgf/math\pgfmathfunctions.code.tex) (C:\Users\rannu\AppData\Local\Programs\MiKTeX\tex/generic/pgf/math\pgfmathfunctions.basic.code.tex) (C:\Users\rannu\AppData\Local\Programs\MiKTeX\tex/generic/pgf/math\pgfmathfunctions.trigonometric.code.tex) (C:\Users\rannu\AppData\Local\Programs\MiKTeX\tex/generic/pgf/math\pgfmathfunctions.random.code.tex) (C:\Users\rannu\AppData\Local\Programs\MiKTeX\tex/generic/pgf/math\pgfmathfunctions.comparison.code.tex) (C:\Users\rannu\AppData\Local\Programs\MiKTeX\tex/generic/pgf/math\pgfmathfunctions.base.code.tex) (C:\Users\rannu\AppData\Local\Programs\MiKTeX\tex/generic/pgf/math\pgfmathfunctions.round.code.tex) (C:\Users\rannu\AppData\Local\Programs\MiKTeX\tex/generic/pgf/math\pgfmathfunctions.misc.code.tex) (C:\Users\rannu\AppData\Local\Programs\MiKTeX\tex/generic/pgf/math\pgfmathfunctions.integerarithmetics.code.tex) (C:\Users\rannu\AppData\Local\Programs\MiKTeX\tex/generic/pgf/math\pgfmathcalc.code.tex) (C:\Users\rannu\AppData\Local\Programs\MiKTeX\tex/generic/pgf/math\pgfmathfloat.code.tex
\c@pgfmathroundto@lastzeros=\count444
)) (C:\Users\rannu\AppData\Local\Programs\MiKTeX\tex/generic/pgf/math\pgfint.code.tex) (C:\Users\rannu\AppData\Local\Programs\MiKTeX\tex/generic/pgf/basiclayer\pgfcorepoints.code.tex
File: pgfcorepoints.code.tex 2023-01-15 v3.1.10 (3.1.10)
\pgf@picminx=\dimen180
\pgf@picmaxx=\dimen181
\pgf@picminy=\dimen182
\pgf@picmaxy=\dimen183
\pgf@pathminx=\dimen184
\pgf@pathmaxx=\dimen185
\pgf@pathminy=\dimen186
\pgf@pathmaxy=\dimen187
\pgf@xx=\dimen188
\pgf@xy=\dimen189
\pgf@yx=\dimen190
\pgf@yy=\dimen191
\pgf@zx=\dimen192
\pgf@zy=\dimen193
) (C:\Users\rannu\AppData\Local\Programs\MiKTeX\tex/generic/pgf/basiclayer\pgfcorepathconstruct.code.tex
File: pgfcorepathconstruct.code.tex 2023-01-15 v3.1.10 (3.1.10)
\pgf@path@lastx=\dimen194
\pgf@path@lasty=\dimen195
) (C:\Users\rannu\AppData\Local\Programs\MiKTeX\tex/generic/pgf/basiclayer\pgfcorepathusage.code.tex
File: pgfcorepathusage.code.tex 2023-01-15 v3.1.10 (3.1.10)
\pgf@shorten@end@additional=\dimen196
\pgf@shorten@start@additional=\dimen197
) (C:\Users\rannu\AppData\Local\Programs\MiKTeX\tex/generic/pgf/basiclayer\pgfcorescopes.code.tex
File: pgfcorescopes.code.tex 2023-01-15 v3.1.10 (3.1.10)
\pgfpic=\box64
\pgf@hbox=\box65
\pgf@layerbox@main=\box66
\pgf@picture@serial@count=\count445
) (C:\Users\rannu\AppData\Local\Programs\MiKTeX\tex/generic/pgf/basiclayer\pgfcoregraphicstate.code.tex
File: pgfcoregraphicstate.code.tex 2023-01-15 v3.1.10 (3.1.10)
\pgflinewidth=\dimen198
) (C:\Users\rannu\AppData\Local\Programs\MiKTeX\tex/generic/pgf/basiclayer\pgfcoretransformations.code.tex
File: pgfcoretransformations.code.tex 2023-01-15 v3.1.10 (3.1.10)
\pgf@pt@x=\dimen199
\pgf@pt@y=\dimen256
\pgf@pt@temp=\dimen257
) (C:\Users\rannu\AppData\Local\Programs\MiKTeX\tex/generic/pgf/basiclayer\pgfcorequick.code.tex
File: pgfcorequick.code.tex 2023-01-15 v3.1.10 (3.1.10)
) (C:\Users\rannu\AppData\Local\Programs\MiKTeX\tex/generic/pgf/basiclayer\pgfcoreobjects.code.tex
File: pgfcoreobjects.code.tex 2023-01-15 v3.1.10 (3.1.10)
) (C:\Users\rannu\AppData\Local\Programs\MiKTeX\tex/generic/pgf/basiclayer\pgfcorepathprocessing.code.tex
File: pgfcorepathprocessing.code.tex 2023-01-15 v3.1.10 (3.1.10)
) (C:\Users\rannu\AppData\Local\Programs\MiKTeX\tex/generic/pgf/basiclayer\pgfcorearrows.code.tex
File: pgfcorearrows.code.tex 2023-01-15 v3.1.10 (3.1.10)
\pgfarrowsep=\dimen258
) (C:\Users\rannu\AppData\Local\Programs\MiKTeX\tex/generic/pgf/basiclayer\pgfcoreshade.code.tex
File: pgfcoreshade.code.tex 2023-01-15 v3.1.10 (3.1.10)
\pgf@max=\dimen259
\pgf@sys@shading@range@num=\count446
\pgf@shadingcount=\count447
) (C:\Users\rannu\AppData\Local\Programs\MiKTeX\tex/generic/pgf/basiclayer\pgfcoreimage.code.tex
File: pgfcoreimage.code.tex 2023-01-15 v3.1.10 (3.1.10)
) (C:\Users\rannu\AppData\Local\Programs\MiKTeX\tex/generic/pgf/basiclayer\pgfcoreexternal.code.tex
File: pgfcoreexternal.code.tex 2023-01-15 v3.1.10 (3.1.10)
\pgfexternal@startupbox=\box67
) (C:\Users\rannu\AppData\Local\Programs\MiKTeX\tex/generic/pgf/basiclayer\pgfcorelayers.code.tex
File: pgfcorelayers.code.tex 2023-01-15 v3.1.10 (3.1.10)
) (C:\Users\rannu\AppData\Local\Programs\MiKTeX\tex/generic/pgf/basiclayer\pgfcoretransparency.code.tex
File: pgfcoretransparency.code.tex 2023-01-15 v3.1.10 (3.1.10)
) (C:\Users\rannu\AppData\Local\Programs\MiKTeX\tex/generic/pgf/basiclayer\pgfcorepatterns.code.tex
File: pgfcorepatterns.code.tex 2023-01-15 v3.1.10 (3.1.10)
) (C:\Users\rannu\AppData\Local\Programs\MiKTeX\tex/generic/pgf/basiclayer\pgfcorerdf.code.tex
File: pgfcorerdf.code.tex 2023-01-15 v3.1.10 (3.1.10)
))) (C:\Users\rannu\AppData\Local\Programs\MiKTeX\tex/generic/pgf/modules\pgfmoduleshapes.code.tex
File: pgfmoduleshapes.code.tex 2023-01-15 v3.1.10 (3.1.10)
\pgfnodeparttextbox=\box68
) (C:\Users\rannu\AppData\Local\Programs\MiKTeX\tex/generic/pgf/modules\pgfmoduleplot.code.tex
File: pgfmoduleplot.code.tex 2023-01-15 v3.1.10 (3.1.10)
) (C:\Users\rannu\AppData\Local\Programs\MiKTeX\tex/latex/pgf/compatibility\pgfcomp-version-0-65.sty
Package: pgfcomp-version-0-65 2023-01-15 v3.1.10 (3.1.10)
\pgf@nodesepstart=\dimen260
\pgf@nodesepend=\dimen261
) (C:\Users\rannu\AppData\Local\Programs\MiKTeX\tex/latex/pgf/compatibility\pgfcomp-version-1-18.sty
Package: pgfcomp-version-1-18 2023-01-15 v3.1.10 (3.1.10)
)) (C:\Users\rannu\AppData\Local\Programs\MiKTeX\tex/latex/pgf/utilities\pgffor.sty (C:\Users\rannu\AppData\Local\Programs\MiKTeX\tex/latex/pgf/utilities\pgfkeys.sty (C:\Users\rannu\AppData\Local\Programs\MiKTeX\tex/generic/pgf/utilities\pgfkeys.code.tex)) (C:\Users\rannu\AppData\Local\Programs\MiKTeX\tex/latex/pgf/math\pgfmath.sty (C:\Users\rannu\AppData\Local\Programs\MiKTeX\tex/generic/pgf/math\pgfmath.code.tex)) (C:\Users\rannu\AppData\Local\Programs\MiKTeX\tex/generic/pgf/utilities\pgffor.code.tex
Package: pgffor 2023-01-15 v3.1.10 (3.1.10)
\pgffor@iter=\dimen262
\pgffor@skip=\dimen263
\pgffor@stack=\toks34
\pgffor@toks=\toks35
)) (C:\Users\rannu\AppData\Local\Programs\MiKTeX\tex/generic/pgf/frontendlayer/tikz\tikz.code.tex
Package: tikz 2023-01-15 v3.1.10 (3.1.10)
 (C:\Users\rannu\AppData\Local\Programs\MiKTeX\tex/generic/pgf/libraries\pgflibraryplothandlers.code.tex
File: pgflibraryplothandlers.code.tex 2023-01-15 v3.1.10 (3.1.10)
\pgf@plot@mark@count=\count448
\pgfplotmarksize=\dimen264
)
\tikz@lastx=\dimen265
\tikz@lasty=\dimen266
\tikz@lastxsaved=\dimen267
\tikz@lastysaved=\dimen268
\tikz@lastmovetox=\dimen269
\tikz@lastmovetoy=\dimen270
\tikzleveldistance=\dimen271
\tikzsiblingdistance=\dimen272
\tikz@figbox=\box69
\tikz@figbox@bg=\box70
\tikz@tempbox=\box71
\tikz@tempbox@bg=\box72
\tikztreelevel=\count449
\tikznumberofchildren=\count450
\tikznumberofcurrentchild=\count451
\tikz@fig@count=\count452
 (C:\Users\rannu\AppData\Local\Programs\MiKTeX\tex/generic/pgf/modules\pgfmodulematrix.code.tex
File: pgfmodulematrix.code.tex 2023-01-15 v3.1.10 (3.1.10)
\pgfmatrixcurrentrow=\count453
\pgfmatrixcurrentcolumn=\count454
\pgf@matrix@numberofcolumns=\count455
)
\tikz@expandcount=\count456
 (C:\Users\rannu\AppData\Local\Programs\MiKTeX\tex/generic/pgf/frontendlayer/tikz/libraries\tikzlibrarytopaths.code.tex
File: tikzlibrarytopaths.code.tex 2023-01-15 v3.1.10 (3.1.10)
))) (C:\Users\rannu\AppData\Local\Programs\MiKTeX\tex/generic/pgf/frontendlayer/tikz/libraries\tikzlibraryshapes.code.tex
File: tikzlibraryshapes.code.tex 2023-01-15 v3.1.10 (3.1.10)
 (C:\Users\rannu\AppData\Local\Programs\MiKTeX\tex/generic/pgf/frontendlayer/tikz/libraries\tikzlibraryshapes.geometric.code.tex
File: tikzlibraryshapes.geometric.code.tex 2023-01-15 v3.1.10 (3.1.10)
 (C:\Users\rannu\AppData\Local\Programs\MiKTeX\tex/generic/pgf/libraries/shapes\pgflibraryshapes.geometric.code.tex
File: pgflibraryshapes.geometric.code.tex 2023-01-15 v3.1.10 (3.1.10)
)) (C:\Users\rannu\AppData\Local\Programs\MiKTeX\tex/generic/pgf/frontendlayer/tikz/libraries\tikzlibraryshapes.misc.code.tex
File: tikzlibraryshapes.misc.code.tex 2023-01-15 v3.1.10 (3.1.10)
 (C:\Users\rannu\AppData\Local\Programs\MiKTeX\tex/generic/pgf/libraries/shapes\pgflibraryshapes.misc.code.tex
File: pgflibraryshapes.misc.code.tex 2023-01-15 v3.1.10 (3.1.10)
)) (C:\Users\rannu\AppData\Local\Programs\MiKTeX\tex/generic/pgf/frontendlayer/tikz/libraries\tikzlibraryshapes.symbols.code.tex
File: tikzlibraryshapes.symbols.code.tex 2023-01-15 v3.1.10 (3.1.10)
 (C:\Users\rannu\AppData\Local\Programs\MiKTeX\tex/generic/pgf/libraries/shapes\pgflibraryshapes.symbols.code.tex
File: pgflibraryshapes.symbols.code.tex 2023-01-15 v3.1.10 (3.1.10)
)) (C:\Users\rannu\AppData\Local\Programs\MiKTeX\tex/generic/pgf/frontendlayer/tikz/libraries\tikzlibraryshapes.arrows.code.tex
File: tikzlibraryshapes.arrows.code.tex 2023-01-15 v3.1.10 (3.1.10)
 (C:\Users\rannu\AppData\Local\Programs\MiKTeX\tex/generic/pgf/libraries/shapes\pgflibraryshapes.arrows.code.tex
File: pgflibraryshapes.arrows.code.tex 2023-01-15 v3.1.10 (3.1.10)
)) (C:\Users\rannu\AppData\Local\Programs\MiKTeX\tex/generic/pgf/frontendlayer/tikz/libraries\tikzlibraryshapes.callouts.code.tex (C:\Users\rannu\AppData\Local\Programs\MiKTeX\tex/generic/pgf/libraries/shapes\pgflibraryshapes.callouts.code.tex)) (C:\Users\rannu\AppData\Local\Programs\MiKTeX\tex/generic/pgf/frontendlayer/tikz/libraries\tikzlibraryshapes.multipart.code.tex
File: tikzlibraryshapes.multipart.code.tex 2023-01-15 v3.1.10 (3.1.10)
 (C:\Users\rannu\AppData\Local\Programs\MiKTeX\tex/generic/pgf/libraries/shapes\pgflibraryshapes.multipart.code.tex
File: pgflibraryshapes.multipart.code.tex 2023-01-15 v3.1.10 (3.1.10)
\pgfnodepartlowerbox=\box73
\pgfnodeparttwobox=\box74
\pgfnodepartthreebox=\box75
\pgfnodepartfourbox=\box76
\pgfnodeparttwentybox=\box77
\pgfnodepartnineteenbox=\box78
\pgfnodeparteighteenbox=\box79
\pgfnodepartseventeenbox=\box80
\pgfnodepartsixteenbox=\box81
\pgfnodepartfifteenbox=\box82
\pgfnodepartfourteenbox=\box83
\pgfnodepartthirteenbox=\box84
\pgfnodeparttwelvebox=\box85
\pgfnodepartelevenbox=\box86
\pgfnodeparttenbox=\box87
\pgfnodepartninebox=\box88
\pgfnodeparteightbox=\box89
\pgfnodepartsevenbox=\box90
\pgfnodepartsixbox=\box91
\pgfnodepartfivebox=\box92
))) (C:\Users\rannu\AppData\Local\Programs\MiKTeX\tex/generic/pgf/frontendlayer/tikz/libraries\tikzlibraryarrows.code.tex
File: tikzlibraryarrows.code.tex 2023-01-15 v3.1.10 (3.1.10)
 (C:\Users\rannu\AppData\Local\Programs\MiKTeX\tex/generic/pgf/libraries\pgflibraryarrows.code.tex
File: pgflibraryarrows.code.tex 2023-01-15 v3.1.10 (3.1.10)
\arrowsize=\dimen273
)) (C:\Users\rannu\AppData\Local\Programs\MiKTeX\tex/latex/import\import.sty
Package: import 2020/04/01  v 6.2
) (C:\Users\rannu\AppData\Local\Programs\MiKTeX\tex/latex/csquotes\csquotes.sty
Package: csquotes 2024-04-04 v5.2o context-sensitive quotations (JAW)
\csq@reset=\count457
\csq@gtype=\count458
\csq@glevel=\count459
\csq@qlevel=\count460
\csq@maxlvl=\count461
\csq@tshold=\count462
\csq@ltx@everypar=\toks36
 (C:\Users\rannu\AppData\Local\Programs\MiKTeX\tex/latex/csquotes\csquotes.def
File: csquotes.def 2024-04-04 v5.2o csquotes generic definitions (JAW)
)
Package csquotes Info: Trying to load configuration file 'csquotes.cfg'...
Package csquotes Info: ... configuration file loaded successfully.
 (C:\Users\rannu\AppData\Local\Programs\MiKTeX\tex/latex/csquotes\csquotes.cfg
File: csquotes.cfg 
))
(C:\Users\rannu\AppData\Local\Programs\MiKTeX\tex/latex/hyperref\hyperref.sty
Package: hyperref 2024-10-30 v7.01k Hypertext links for LaTeX
 (C:\Users\rannu\AppData\Local\Programs\MiKTeX\tex/generic/kvdefinekeys\kvdefinekeys.sty
Package: kvdefinekeys 2019-12-19 v1.6 Define keys (HO)
) (C:\Users\rannu\AppData\Local\Programs\MiKTeX\tex/generic/pdfescape\pdfescape.sty
Package: pdfescape 2019/12/09 v1.15 Implements pdfTeX's escape features (HO)
) (C:\Users\rannu\AppData\Local\Programs\MiKTeX\tex/latex/hycolor\hycolor.sty
Package: hycolor 2020-01-27 v1.10 Color options for hyperref/bookmark (HO)
) (C:\Users\rannu\AppData\Local\Programs\MiKTeX\tex/latex/hyperref\nameref.sty
Package: nameref 2023-11-26 v2.56 Cross-referencing by name of section
 (C:\Users\rannu\AppData\Local\Programs\MiKTeX\tex/latex/refcount\refcount.sty
Package: refcount 2019/12/15 v3.6 Data extraction from label references (HO)
) (C:\Users\rannu\AppData\Local\Programs\MiKTeX\tex/generic/gettitlestring\gettitlestring.sty
Package: gettitlestring 2019/12/15 v1.6 Cleanup title references (HO)
)
\c@section@level=\count463
) (C:\Users\rannu\AppData\Local\Programs\MiKTeX\tex/generic/stringenc\stringenc.sty
Package: stringenc 2019/11/29 v1.12 Convert strings between diff. encodings (HO)
)
\@linkdim=\dimen274
\Hy@linkcounter=\count464
\Hy@pagecounter=\count465
 (C:\Users\rannu\AppData\Local\Programs\MiKTeX\tex/latex/hyperref\pd1enc.def
File: pd1enc.def 2024-10-30 v7.01k Hyperref: PDFDocEncoding definition (HO)
Now handling font encoding PD1 ...
... no UTF-8 mapping file for font encoding PD1
) (C:\Users\rannu\AppData\Local\Programs\MiKTeX\tex/generic/intcalc\intcalc.sty
Package: intcalc 2019/12/15 v1.3 Expandable calculations with integers (HO)
)
\Hy@SavedSpaceFactor=\count466
 (C:\Users\rannu\AppData\Local\Programs\MiKTeX\tex/latex/hyperref\puenc.def
File: puenc.def 2024-10-30 v7.01k Hyperref: PDF Unicode definition (HO)
Now handling font encoding PU ...
... no UTF-8 mapping file for font encoding PU
)
Package hyperref Info: Hyper figures OFF on input line 4157.
Package hyperref Info: Link nesting OFF on input line 4162.
Package hyperref Info: Hyper index ON on input line 4165.
Package hyperref Info: Plain pages OFF on input line 4172.
Package hyperref Info: Backreferencing OFF on input line 4177.
Package hyperref Info: Implicit mode ON; LaTeX internals redefined.
Package hyperref Info: Bookmarks ON on input line 4424.
\c@Hy@tempcnt=\count467
LaTeX Info: Redefining \url on input line 4763.
\XeTeXLinkMargin=\dimen275
 (C:\Users\rannu\AppData\Local\Programs\MiKTeX\tex/generic/bitset\bitset.sty
Package: bitset 2019/12/09 v1.3 Handle bit-vector datatype (HO)
 (C:\Users\rannu\AppData\Local\Programs\MiKTeX\tex/generic/bigintcalc\bigintcalc.sty
Package: bigintcalc 2019/12/15 v1.5 Expandable calculations on big integers (HO)
))
\Fld@menulength=\count468
\Field@Width=\dimen276
\Fld@charsize=\dimen277
Package hyperref Info: Hyper figures OFF on input line 6042.
Package hyperref Info: Link nesting OFF on input line 6047.
Package hyperref Info: Hyper index ON on input line 6050.
Package hyperref Info: backreferencing OFF on input line 6057.
Package hyperref Info: Link coloring OFF on input line 6062.
Package hyperref Info: Link coloring with OCG OFF on input line 6067.
Package hyperref Info: PDF/A mode OFF on input line 6072.
 (C:\Users\rannu\AppData\Local\Programs\MiKTeX\tex/latex/base\atbegshi-ltx.sty
Package: atbegshi-ltx 2021/01/10 v1.0c Emulation of the original atbegshi
package with kernel methods
)
\Hy@abspage=\count469
\c@Item=\count470
\c@Hfootnote=\count471
)
Package hyperref Info: Driver (autodetected): hpdftex.
 (C:\Users\rannu\AppData\Local\Programs\MiKTeX\tex/latex/hyperref\hpdftex.def
File: hpdftex.def 2024-10-30 v7.01k Hyperref driver for pdfTeX
 (C:\Users\rannu\AppData\Local\Programs\MiKTeX\tex/latex/base\atveryend-ltx.sty
Package: atveryend-ltx 2020/08/19 v1.0a Emulation of the original atveryend package
with kernel methods
)
\Fld@listcount=\count472
\c@bookmark@seq@number=\count473
 (C:\Users\rannu\AppData\Local\Programs\MiKTeX\tex/latex/rerunfilecheck\rerunfilecheck.sty
Package: rerunfilecheck 2022-07-10 v1.10 Rerun checks for auxiliary files (HO)
 (C:\Users\rannu\AppData\Local\Programs\MiKTeX\tex/generic/uniquecounter\uniquecounter.sty
Package: uniquecounter 2019/12/15 v1.4 Provide unlimited unique counter (HO)
)
Package uniquecounter Info: New unique counter `rerunfilecheck' on input line 285.
)
\Hy@SectionHShift=\skip75
)
Package hyperref Info: Option `colorlinks' set `true' on input line 81.
 (C:\Users\rannu\AppData\Local\Programs\MiKTeX\tex/latex/comment\comment.sty
\CommentStream=\write7
 Excluding comment 'comment') (C:\Users\rannu\AppData\Local\Programs\MiKTeX\tex/latex/pdfpages\pdfpages.sty
Package: pdfpages 2024/10/28 v0.6c Insert pages of external PDF documents (AM)
 (C:\Users\rannu\AppData\Local\Programs\MiKTeX\tex/latex/tools\calc.sty
Package: calc 2023/07/08 v4.3 Infix arithmetic (KKT,FJ)
\calc@Acount=\count474
\calc@Bcount=\count475
\calc@Adimen=\dimen278
\calc@Bdimen=\dimen279
\calc@Askip=\skip76
\calc@Bskip=\skip77
LaTeX Info: Redefining \setlength on input line 80.
LaTeX Info: Redefining \addtolength on input line 81.
\calc@Ccount=\count476
\calc@Cskip=\skip78
) (C:\Users\rannu\AppData\Local\Programs\MiKTeX\tex/latex/eso-pic\eso-pic.sty
Package: eso-pic 2023/05/03 v3.0c eso-pic (RN)
\ESO@tempdima=\dimen280
\ESO@tempdimb=\dimen281
)
\AM@pagewidth=\dimen282
\AM@pageheight=\dimen283
\AM@fboxrule=\dimen284
 (C:\Users\rannu\AppData\Local\Programs\MiKTeX\tex/latex/pdfpages\pppdftex.def
File: pppdftex.def 2024/10/28 v0.6c Pdfpages driver for pdfTeX (AM)
)
\pdfpages@includegraphics@status=\count477
\AM@pagebox=\box93
\AM@global@opts=\toks37
\AM@pagecnt=\count478
\AM@toc@title=\toks38
\AM@lof@heading=\toks39
\c@AM@survey=\count479
\AM@templatesizebox=\box94
) (C:\Users\rannu\AppData\Local\Programs\MiKTeX\tex/latex/wrapfig\wrapfig.sty
\wrapoverhang=\dimen285
\WF@size=\dimen286
\c@WF@wrappedlines=\count480
\WF@box=\box95
\WF@everypar=\toks40
Package: wrapfig 2003/01/31  v 3.6
) (C:\Users\rannu\AppData\Local\Programs\MiKTeX\tex/latex/siunitx\siunitx.sty
Package: siunitx 2024-09-30 v3.3.22 A comprehensive (SI) units package
\l__siunitx_number_uncert_offset_int=\count481
\l__siunitx_number_exponent_fixed_int=\count482
\l__siunitx_number_min_decimal_int=\count483
\l__siunitx_number_min_integer_int=\count484
\l__siunitx_number_round_precision_int=\count485
\l__siunitx_number_lower_threshold_int=\count486
\l__siunitx_number_upper_threshold_int=\count487
\l__siunitx_number_group_first_int=\count488
\l__siunitx_number_group_size_int=\count489
\l__siunitx_number_group_minimum_int=\count490
\l__siunitx_angle_tmp_dim=\dimen287
\l__siunitx_angle_marker_box=\box96
\l__siunitx_angle_unit_box=\box97
\l__siunitx_compound_count_int=\count491
 (C:\Users\rannu\AppData\Local\Programs\MiKTeX\tex/latex/translations\translations.sty
Package: translations 2022/02/05 v1.12 internationalization of LaTeX2e packages (CN)
) (C:\Users\rannu\AppData\Local\Programs\MiKTeX\tex/latex/amsmath\amstext.sty
Package: amstext 2021/08/26 v2.01 AMS text
 (C:\Users\rannu\AppData\Local\Programs\MiKTeX\tex/latex/amsmath\amsgen.sty
File: amsgen.sty 1999/11/30 v2.0 generic functions
\@emptytoks=\toks41
\ex@=\dimen288
))
\l__siunitx_table_tmp_box=\box98
\l__siunitx_table_tmp_dim=\dimen289
\l__siunitx_table_column_width_dim=\dimen290
\l__siunitx_table_integer_box=\box99
\l__siunitx_table_decimal_box=\box100
\l__siunitx_table_uncert_box=\box101
\l__siunitx_table_before_box=\box102
\l__siunitx_table_after_box=\box103
\l__siunitx_table_before_dim=\dimen291
\l__siunitx_table_carry_dim=\dimen292
\l__siunitx_unit_tmp_int=\count492
\l__siunitx_unit_position_int=\count493
\l__siunitx_unit_total_int=\count494
 (C:\Users\rannu\AppData\Local\Programs\MiKTeX\tex/latex/tools\array.sty
Package: array 2024/10/17 v2.6g Tabular extension package (FMi)
\col@sep=\dimen293
\ar@mcellbox=\box104
\extrarowheight=\dimen294
\NC@list=\toks42
\extratabsurround=\skip79
\backup@length=\skip80
\ar@cellbox=\box105
)) (C:\Users\rannu\AppData\Local\Programs\MiKTeX\tex/generic/babel\babel.sty
Package: babel 2024/10/20 v24.12 The multilingual framework for pdfLaTeX, LuaLaTeX and XeLaTeX
\babel@savecnt=\count495
\U@D=\dimen295
\l@unhyphenated=\language80
 (C:\Users\rannu\AppData\Local\Programs\MiKTeX\tex/generic/babel\txtbabel.def)
\bbl@readstream=\read6
\bbl@dirlevel=\count496

*************************************
* Local config file bblopts.cfg used
*
(C:\Users\rannu\AppData\Local\Programs\MiKTeX\tex/latex/arabi\bblopts.cfg
File: bblopts.cfg 2005/09/08 v0.1 add Arabic and Farsi to "declared" options of babel
) (C:\Users\rannu\AppData\Local\Programs\MiKTeX\tex/latex/babel-english\british.ldf
Language: british 2017/06/06 v3.3r English support from the babel system
 (C:\Users\rannu\AppData\Local\Programs\MiKTeX\tex/latex/babel-english\english.ldf
Language: english 2017/06/06 v3.3r English support from the babel system
Package babel Info: Hyphen rules for 'canadian' set to \l@english
(babel)             (\language0). Reported on input line 102.
Package babel Info: Hyphen rules for 'australian' set to \l@ukenglish
(babel)             (\language73). Reported on input line 105.
Package babel Info: Hyphen rules for 'newzealand' set to \l@ukenglish
(babel)             (\language73). Reported on input line 108.
))) (C:\Users\rannu\AppData\Local\Programs\MiKTeX\tex/generic/babel/locale/en\babel-british.tex
Package babel Info: Importing font and identification data for british
(babel)             from babel-en-GB.ini. Reported on input line 11.
) (C:\Users\rannu\AppData\Local\Programs\MiKTeX\tex/latex/tools\bm.sty
Package: bm 2023/12/19 v1.2f Bold Symbol Support (DPC/FMi)
\symboldoperators=\mathgroup4
\symboldletters=\mathgroup5
\symboldsymbols=\mathgroup6
Package bm Info: No bold for \OMX/cmex/m/n, using \pmb.
LaTeX Font Info:    Redeclaring math alphabet \mathbf on input line 149.
) (C:\Users\rannu\AppData\Local\Programs\MiKTeX\tex/latex/amsmath\amsmath.sty
Package: amsmath 2024/10/30 v2.17s AMS math features
\@mathmargin=\skip81

For additional information on amsmath, use the `?' option.
(C:\Users\rannu\AppData\Local\Programs\MiKTeX\tex/latex/amsmath\amsbsy.sty
Package: amsbsy 1999/11/29 v1.2d Bold Symbols
LaTeX Info: Redefining \boldsymbol on input line 28.
\pmbraise@=\dimen296
) (C:\Users\rannu\AppData\Local\Programs\MiKTeX\tex/latex/amsmath\amsopn.sty
Package: amsopn 2022/04/08 v2.04 operator names
)
\inf@bad=\count497
LaTeX Info: Redefining \frac on input line 233.
\uproot@=\count498
\leftroot@=\count499
LaTeX Info: Redefining \overline on input line 398.
LaTeX Info: Redefining \colon on input line 409.
\classnum@=\count500
\DOTSCASE@=\count501
LaTeX Info: Redefining \ldots on input line 502.
LaTeX Info: Redefining \dots on input line 505.
LaTeX Info: Redefining \cdots on input line 638.
\Mathstrutbox@=\box106
\strutbox@=\box107
LaTeX Info: Redefining \big on input line 740.
LaTeX Info: Redefining \Big on input line 741.
LaTeX Info: Redefining \bigg on input line 742.
LaTeX Info: Redefining \Bigg on input line 743.
\big@size=\dimen297
LaTeX Font Info:    Redeclaring font encoding OML on input line 761.
LaTeX Font Info:    Redeclaring font encoding OMS on input line 762.
\macc@depth=\count502
LaTeX Info: Redefining \bmod on input line 923.
LaTeX Info: Redefining \pmod on input line 928.
LaTeX Info: Redefining \smash on input line 958.
LaTeX Info: Redefining \relbar on input line 988.
LaTeX Info: Redefining \Relbar on input line 989.
\c@MaxMatrixCols=\count503
\dotsspace@=\muskip22
\c@parentequation=\count504
\dspbrk@lvl=\count505
\tag@help=\toks43
\row@=\count506
\column@=\count507
\maxfields@=\count508
\andhelp@=\toks44
\eqnshift@=\dimen298
\alignsep@=\dimen299
\tagshift@=\dimen300
\tagwidth@=\dimen301
\totwidth@=\dimen302
\lineht@=\dimen303
\@envbody=\toks45
\multlinegap=\skip82
\multlinetaggap=\skip83
\mathdisplay@stack=\toks46
LaTeX Info: Redefining \[ on input line 2972.
LaTeX Info: Redefining \] on input line 2973.
)
\linenoamsmath@ams@eqpen=\count509
 (C:\Users\rannu\AppData\Local\Programs\MiKTeX\tex/latex/amsfonts\amssymb.sty
Package: amssymb 2013/01/14 v3.01 AMS font symbols
 (C:\Users\rannu\AppData\Local\Programs\MiKTeX\tex/latex/amsfonts\amsfonts.sty
Package: amsfonts 2013/01/14 v3.01 Basic AMSFonts support
\symAMSa=\mathgroup7
\symAMSb=\mathgroup8
LaTeX Font Info:    Redeclaring math symbol \hbar on input line 98.
LaTeX Font Info:    Overwriting math alphabet `\mathfrak' in version `bold'
(Font)                  U/euf/m/n --> U/euf/b/n on input line 106.
)) (C:\Users\rannu\AppData\Local\Programs\MiKTeX\tex/latex/amscls\amsthm.sty
Package: amsthm 2020/05/29 v2.20.6
\thm@style=\toks47
\thm@bodyfont=\toks48
\thm@headfont=\toks49
\thm@notefont=\toks50
\thm@headpunct=\toks51
\thm@preskip=\skip84
\thm@postskip=\skip85
\thm@headsep=\skip86
\dth@everypar=\toks52
) (C:\Users\rannu\AppData\Local\Programs\MiKTeX\tex/latex/base\textcomp.sty
Package: textcomp 2024/04/24 v2.1b Standard LaTeX package
) (C:\Users\rannu\AppData\Local\Programs\MiKTeX\tex/latex/gensymb\gensymb.sty
Package: gensymb 2022/10/17 v1.0.2 (KJH)
) (C:\Users\rannu\AppData\Local\Programs\MiKTeX\tex/latex/geometry\geometry.sty
Package: geometry 2020/01/02 v5.9 Page Geometry
 (C:\Users\rannu\AppData\Local\Programs\MiKTeX\tex/generic/iftex\ifvtex.sty
Package: ifvtex 2019/10/25 v1.7 ifvtex legacy package. Use iftex instead.
)
\Gm@cnth=\count510
\Gm@cntv=\count511
\c@Gm@tempcnt=\count512
\Gm@bindingoffset=\dimen304
\Gm@wd@mp=\dimen305
\Gm@odd@mp=\dimen306
\Gm@even@mp=\dimen307
\Gm@layoutwidth=\dimen308
\Gm@layoutheight=\dimen309
\Gm@layouthoffset=\dimen310
\Gm@layoutvoffset=\dimen311
\Gm@dimlist=\toks53
 (C:\Users\rannu\AppData\Local\Programs\MiKTeX\tex/latex/geometry\geometry.cfg)) (C:\Users\rannu\AppData\Local\Programs\MiKTeX\tex/latex/fancyhdr\fancyhdr.sty
Package: fancyhdr 2024/07/23 v4.3.1 Extensive control of page headers and footers
\f@nch@headwidth=\skip87
\f@nch@O@elh=\skip88
\f@nch@O@erh=\skip89
\f@nch@O@olh=\skip90
\f@nch@O@orh=\skip91
\f@nch@O@elf=\skip92
\f@nch@O@erf=\skip93
\f@nch@O@olf=\skip94
\f@nch@O@orf=\skip95
))

LaTeX Warning: \include should only be used after \begin{document} on input line 8.

(custom_structures.tex
\c@definition=\count513
\c@theorem=\count514
)
\c@lemma=\count515
Package hyperref Info: Option `colorlinks' set `true' on input line 24.
runsystem(for ^%i in (pygmentize.exe pygmentize.bat pygmentize.cmd) do set > main.aex <nul: /p x=^%~$PATH:i>> main.aex)...executed.

runsystem(del main.aex)...executed.

Package csquotes Info: Checking for multilingual support...
Package csquotes Info: ... found 'babel' package.
Package csquotes Info: Adjusting default style.
Package csquotes Info: Redefining alias 'default' -> 'british'.
 (main.aux)
\openout1 = `main.aux'.

LaTeX Font Info:    Checking defaults for OML/cmm/m/it on input line 27.
LaTeX Font Info:    ... okay on input line 27.
LaTeX Font Info:    Checking defaults for OMS/cmsy/m/n on input line 27.
LaTeX Font Info:    ... okay on input line 27.
LaTeX Font Info:    Checking defaults for OT1/cmr/m/n on input line 27.
LaTeX Font Info:    ... okay on input line 27.
LaTeX Font Info:    Checking defaults for T1/cmr/m/n on input line 27.
LaTeX Font Info:    ... okay on input line 27.
LaTeX Font Info:    Checking defaults for TS1/cmr/m/n on input line 27.
LaTeX Font Info:    ... okay on input line 27.
LaTeX Font Info:    Checking defaults for OMX/cmex/m/n on input line 27.
LaTeX Font Info:    ... okay on input line 27.
LaTeX Font Info:    Checking defaults for U/cmr/m/n on input line 27.
LaTeX Font Info:    ... okay on input line 27.
LaTeX Font Info:    Checking defaults for PD1/pdf/m/n on input line 27.
LaTeX Font Info:    ... okay on input line 27.
LaTeX Font Info:    Checking defaults for PU/pdf/m/n on input line 27.
LaTeX Font Info:    ... okay on input line 27.
Package biblatex Info: Trying to load language 'british'...
Package biblatex Info: ... file 'british.lbx' found.
 (C:\Users\rannu\AppData\Local\Programs\MiKTeX\tex/latex/biblatex/lbx\british.lbx
File: british.lbx 2024/03/21 v3.20 biblatex localization (PK/MW)
Package biblatex Info: Trying to load language 'english'...
Package biblatex Info: ... file 'english.lbx' found.
 (C:\Users\rannu\AppData\Local\Programs\MiKTeX\tex/latex/biblatex/lbx\english.lbx
File: english.lbx 2024/03/21 v3.20 biblatex localization (PK/MW)
))
Package biblatex Info: Input encoding 'utf8' detected.
Package biblatex Info: Automatic encoding selection.
(biblatex)             Assuming data encoding 'utf8'.
\openout3 = `main.bcf'.

Package biblatex Info: Trying to load bibliographic data...
Package biblatex Info: ... file 'main.bbl' found.
 (main.bbl)
Package biblatex Info: Reference section=0 on input line 27.
Package biblatex Info: Reference segment=0 on input line 27.
Package caption Info: Begin \AtBeginDocument code.
Package caption Info: float package is loaded.
Package caption Info: hyperref package is loaded.
Package caption Info: wrapfig package is loaded.
Package caption Info: End \AtBeginDocument code.
 (C:\Users\rannu\AppData\Local\Programs\MiKTeX\tex/context/base/mkii\supp-pdf.mkii
[Loading MPS to PDF converter (version 2006.09.02).]
\scratchcounter=\count516
\scratchdimen=\dimen312
\scratchbox=\box108
\nofMPsegments=\count517
\nofMParguments=\count518
\everyMPshowfont=\toks54
\MPscratchCnt=\count519
\MPscratchDim=\dimen313
\MPnumerator=\count520
\makeMPintoPDFobject=\count521
\everyMPtoPDFconversion=\toks55
) (C:\Users\rannu\AppData\Local\Programs\MiKTeX\tex/latex/epstopdf-pkg\epstopdf-base.sty
Package: epstopdf-base 2020-01-24 v2.11 Base part for package epstopdf
Package epstopdf-base Info: Redefining graphics rule for `.eps' on input line 485.
 (C:\Users\rannu\AppData\Local\Programs\MiKTeX\tex/latex/00miktex\epstopdf-sys.cfg
File: epstopdf-sys.cfg 2021/03/18 v2.0 Configuration of epstopdf for MiKTeX
))
Package hyperref Info: Link coloring ON on input line 27.
 (main.out) (main.out)
\@outlinefile=\write8
\openout8 = `main.out'.

 (C:\Users\rannu\AppData\Local\Programs\MiKTeX\tex/latex/pdflscape\pdflscape.sty
Package: pdflscape 2022-10-27 v0.13 Display of landscape pages in PDF
 (C:\Users\rannu\AppData\Local\Programs\MiKTeX\tex/latex/pdflscape\pdflscape-nometadata.sty
Package: pdflscape-nometadata 2022-10-28 v0.13 Display of landscape pages in PDF (HO)
 (C:\Users\rannu\AppData\Local\Programs\MiKTeX\tex/latex/graphics\lscape.sty
Package: lscape 2020/05/28 v3.02 Landscape Pages (DPC)
)
Package pdflscape Info: Auto-detected driver: pdftex on input line 81.
)) (C:\Users\rannu\AppData\Local\Programs\MiKTeX\tex/latex/translations/dicts\translations-basic-dictionary-english.trsl
File: translations-basic-dictionary-english.trsl (english translation file `translations-basic-dictionary')
)
\symgns@font=\mathgroup9
LaTeX Font Info:    Overwriting symbol font `gns@font' in version `bold'
(Font)                  TS1/cmr/m/n --> TS1/cmr/b/n on input line 27.
Package gensymb Info: Math companion symbols declared on input line 27.
LaTeX Info: Redefining \degree on input line 27.
LaTeX Info: Redefining \celsius on input line 27.
Package gensymb Info: Using text companion symbols for \degree, \celsius and \perthousand on input line 27.
LaTeX Info: Redefining \ohm on input line 27.
Package gensymb Info: Using \textohm for \ohm on input line 27.
LaTeX Info: Redefining \micro on input line 27.
Package gensymb Info: Using \textmu for \micro on input line 27.

*geometry* driver: auto-detecting
*geometry* detected driver: pdftex
*geometry* verbose mode - [ preamble ] result:
* driver: pdftex
* paper: a4paper
* layout: <same size as paper>
* layoutoffset:(h,v)=(0.0pt,0.0pt)
* modes: 
* h-part:(L,W,R)=(85.35826pt, 426.79134pt, 85.35828pt)
* v-part:(T,H,B)=(59.18173pt, 697.09251pt, 88.7726pt)
* \paperwidth=597.50787pt
* \paperheight=845.04684pt
* \textwidth=426.79134pt
* \textheight=697.09251pt
* \oddsidemargin=13.08827pt
* \evensidemargin=13.08827pt
* \topmargin=-50.08826pt
* \headheight=12.0pt
* \headsep=25.0pt
* \topskip=10.0pt
* \footskip=30.0pt
* \marginparwidth=65.0pt
* \marginparsep=11.0pt
* \columnsep=10.0pt
* \skip\footins=9.0pt plus 4.0pt minus 2.0pt
* \hoffset=0.0pt
* \voffset=0.0pt
* \mag=1000
* \@twocolumnfalse
* \@twosidefalse
* \@mparswitchfalse
* \@reversemarginfalse
* (1in=72.27pt=25.4mm, 1cm=28.453pt)

(./title.tex
<./Images/NTNU_logo.png, id=54, 426.393pt x 110.5731pt>
File: ./Images/NTNU_logo.png Graphic file (type png)
<use ./Images/NTNU_logo.png>
Package pdftex.def Info: ./Images/NTNU_logo.png  used on input line 9.
(pdftex.def)             Requested size: 170.71393pt x 44.26894pt.


[1

{C:/Users/rannu/AppData/Local/MiKTeX/fonts/map/pdftex/pdftex.map} <./Images/NTNU_logo.png>]) (main.toc
LaTeX Font Info:    Trying to load font information for U+msa on input line 7.
 (C:\Users\rannu\AppData\Local\Programs\MiKTeX\tex/latex/amsfonts\umsa.fd
File: umsa.fd 2013/01/14 v3.01 AMS symbols A
)
LaTeX Font Info:    Trying to load font information for U+msb on input line 7.
 (C:\Users\rannu\AppData\Local\Programs\MiKTeX\tex/latex/amsfonts\umsb.fd
File: umsb.fd 2013/01/14 v3.01 AMS symbols B
))
\tf@toc=\write9
\openout9 = `main.toc'.

 (main.lof)
\tf@lof=\write10
\openout10 = `main.lof'.

 (main.lot)
\tf@lot=\write11
\openout11 = `main.lot'.



[1] (Sections/Introduction.tex) (Sections/Example_section.tex
<Images/CylinderImage.jpg, id=90, 278.87238pt x 180.675pt>
File: Images/CylinderImage.jpg Graphic file (type jpg)
<use Images/CylinderImage.jpg>
Package pdftex.def Info: Images/CylinderImage.jpg  used on input line 14.
(pdftex.def)             Requested size: 213.39566pt x 138.26003pt.
) (Sections/Theory.tex (Sections/./Theory_subsections/Basic_definitions.tex


pdfTeX warning (ext4): destination with the same identifier (name{page.1}) has been already used, duplicate ignored
<to be read again> 
                   \relax 
l.14     \end{enumerate}
                         [1 <./Images/CylinderImage.jpg>]))

[2]

[3] (Appendices/example_appendix.tex
\openout4 = `main.pyg'.

 (_minted-main/default.pygstyle) (_minted-main/09FC4B4F4A2EDC1333E71B2C44602EBBDF97739B2961B3817F8BCA31ADDB253B.pygtex
LaTeX Font Info:    Font shape `OT1/cmtt/bx/n' in size <10> not available
(Font)              Font shape `OT1/cmtt/m/n' tried instead on input line 2.
)
\openout4 = `main.pyg'.

 (_minted-main/rrt.pygstyle) (_minted-main/0239009554F04A2D64E7CE0FA479EC16CF33289265490CC72470AF6FAFE9A294.pygtex) (_minted-main/tango.pygstyle) (_minted-main/868D2CEF153EF770AD02055B822E2AC30E80DCA43A093B4D43738573363C1507.pygtex)
<Images/Sub-figures_Example/cavity_100_streamlines.png, id=121, 386.6445pt x 386.6445pt>
File: Images/Sub-figures_Example/cavity_100_streamlines.png Graphic file (type png)
<use Images/Sub-figures_Example/cavity_100_streamlines.png>
Package pdftex.def Info: Images/Sub-figures_Example/cavity_100_streamlines.png  used on input line 53.
(pdftex.def)             Requested size: 192.0548pt x 192.05333pt.
<Images/Sub-figures_Example/cavity_100_streamlines_ghia.png, id=122, 253.54726pt x 257.763pt>
File: Images/Sub-figures_Example/cavity_100_streamlines_ghia.png Graphic file (type png)
<use Images/Sub-figures_Example/cavity_100_streamlines_ghia.png>
Package pdftex.def Info: Images/Sub-figures_Example/cavity_100_streamlines_ghia.png  used on input line 57.
(pdftex.def)             Requested size: 188.21252pt x 191.35127pt.
<Images/Sub-figures_Example/cavity_400_streamlines.png, id=125, 387.24675pt x 384.2355pt>
File: Images/Sub-figures_Example/cavity_400_streamlines.png Graphic file (type png)
<use Images/Sub-figures_Example/cavity_400_streamlines.png>
Package pdftex.def Info: Images/Sub-figures_Example/cavity_400_streamlines.png  used on input line 62.
(pdftex.def)             Requested size: 192.0548pt x 190.56358pt.
<Images/Sub-figures_Example/cavity_400_streamlines_ghia.png, id=126, 252.945pt x 258.9675pt>
File: Images/Sub-figures_Example/cavity_400_streamlines_ghia.png Graphic file (type png)
<use Images/Sub-figures_Example/cavity_400_streamlines_ghia.png>
Package pdftex.def Info: Images/Sub-figures_Example/cavity_400_streamlines_ghia.png  used on input line 66.
(pdftex.def)             Requested size: 186.93611pt x 191.39189pt.
<Images/Sub-figures_Example/cavity_1000_streamlines.png, id=129, 385.44pt x 385.44pt>
File: Images/Sub-figures_Example/cavity_1000_streamlines.png Graphic file (type png)
<use Images/Sub-figures_Example/cavity_1000_streamlines.png>
Package pdftex.def Info: Images/Sub-figures_Example/cavity_1000_streamlines.png  used on input line 71.
(pdftex.def)             Requested size: 192.0548pt x 192.05493pt.
<Images/Sub-figures_Example/cavity_1000_streamlines_ghia.png, id=130, 250.536pt x 257.16075pt>
File: Images/Sub-figures_Example/cavity_1000_streamlines_ghia.png Graphic file (type png)
<use Images/Sub-figures_Example/cavity_1000_streamlines_ghia.png>
Package pdftex.def Info: Images/Sub-figures_Example/cavity_1000_streamlines_ghia.png  used on input line 75.
(pdftex.def)             Requested size: 186.93611pt x 191.88124pt.
)

[4]

[5 <./Images/Sub-figures_Example/cavity_100_streamlines.png> <./Images/Sub-figures_Example/cavity_100_streamlines_ghia.png> <./Images/Sub-figures_Example/cavity_400_streamlines.png> <./Images/Sub-figures_Example/cavity_400_streamlines_ghia.png> <./Images/Sub-figures_Example/cavity_1000_streamlines.png> <./Images/Sub-figures_Example/cavity_1000_streamlines_ghia.png>] (main.aux)
 ***********
LaTeX2e <2024-11-01>
L3 programming layer <2024-10-09>
 ***********
Package rerunfilecheck Info: File `main.out' has not changed.
(rerunfilecheck)             Checksum: 0406CFF5F378D2CA4A3586949CA366CF;1452.
runsystem(del main.pyg)...executed.

Package logreq Info: Writing requests to 'main.run.xml'.
\openout1 = `main.run.xml'.

 ) 
Here is how much of TeX's memory you used:
 42431 strings out of 473702
 892981 string characters out of 5719438
 1736031 words of memory out of 5000000
 64755 multiletter control sequences out of 15000+600000
 573683 words of font info for 92 fonts, out of 8000000 for 9000
 1141 hyphenation exceptions out of 8191
 117i,12n,121p,821b,2365s stack positions out of 10000i,1000n,20000p,200000b,200000s
<C:/Users/rannu/AppData/Local/Programs/MiKTeX/fonts/type1/public/amsfonts/cm/cmbx10.pfb><C:/Users/rannu/AppData/Local/Programs/MiKTeX/fonts/type1/public/amsfonts/cm/cmbx12.pfb><C:/Users/rannu/AppData/Local/Programs/MiKTeX/fonts/type1/public/amsfonts/cm/cmcsc10.pfb><C:/Users/rannu/AppData/Local/Programs/MiKTeX/fonts/type1/public/amsfonts/cm/cmitt10.pfb><C:/Users/rannu/AppData/Local/Programs/MiKTeX/fonts/type1/public/amsfonts/cm/cmmi10.pfb><C:/Users/rannu/AppData/Local/Programs/MiKTeX/fonts/type1/public/amsfonts/cm/cmmi5.pfb><C:/Users/rannu/AppData/Local/Programs/MiKTeX/fonts/type1/public/amsfonts/cm/cmmi7.pfb><C:/Users/rannu/AppData/Local/Programs/MiKTeX/fonts/type1/public/amsfonts/cm/cmmi9.pfb><C:/Users/rannu/AppData/Local/Programs/MiKTeX/fonts/type1/public/amsfonts/cm/cmr10.pfb><C:/Users/rannu/AppData/Local/Programs/MiKTeX/fonts/type1/public/amsfonts/cm/cmr12.pfb><C:/Users/rannu/AppData/Local/Programs/MiKTeX/fonts/type1/public/amsfonts/cm/cmr7.pfb><C:/Users/rannu/AppData/Local/Programs/MiKTeX/fonts/type1/public/amsfonts/cm/cmr8.pfb><C:/Users/rannu/AppData/Local/Programs/MiKTeX/fonts/type1/public/amsfonts/cm/cmr9.pfb><C:/Users/rannu/AppData/Local/Programs/MiKTeX/fonts/type1/public/amsfonts/cm/cmss10.pfb><C:/Users/rannu/AppData/Local/Programs/MiKTeX/fonts/type1/public/amsfonts/cm/cmsy10.pfb><C:/Users/rannu/AppData/Local/Programs/MiKTeX/fonts/type1/public/amsfonts/cm/cmsy5.pfb><C:/Users/rannu/AppData/Local/Programs/MiKTeX/fonts/type1/public/amsfonts/cm/cmti10.pfb><C:/Users/rannu/AppData/Local/Programs/MiKTeX/fonts/type1/public/amsfonts/cm/cmti12.pfb><C:/Users/rannu/AppData/Local/Programs/MiKTeX/fonts/type1/public/amsfonts/cm/cmtt10.pfb><C:/Users/rannu/AppData/Local/Programs/MiKTeX/fonts/type1/public/amsfonts/symbols/msbm10.pfb>
Output written on main.pdf (7 pages, 933578 bytes).
PDF statistics:
 244 PDF objects out of 1000 (max. 8388607)
 30 named destinations out of 1000 (max. 500000)
 149 words of extra memory for PDF output out of 10000 (max. 10000000)

